0 info it worked if it ends with ok
1 verbose cli [ 'C:\\Program Files\\nodejs\\node.exe',
1 verbose cli   'C:\\Program Files\\nodejs\\node_modules\\npm\\bin\\npm-cli.js',
1 verbose cli   'install',
1 verbose cli   '--save',
1 verbose cli   'bcrypt' ]
2 info using npm@3.3.12
3 info using node@v5.3.0
4 silly loadCurrentTree Starting
5 silly install loadCurrentTree
6 silly install readLocalPackageData
7 silly fetchPackageMetaData bcrypt
8 silly fetchNamedPackageData bcrypt
9 silly mapToRegistry name bcrypt
10 silly mapToRegistry using default registry
11 silly mapToRegistry registry https://registry.npmjs.org/
12 silly mapToRegistry uri https://registry.npmjs.org/bcrypt
13 verbose request uri https://registry.npmjs.org/bcrypt
14 verbose request no auth needed
15 info attempt registry request try #1 at 2:41:17 PM
16 verbose request id 3a9c3e7637831069
17 http request GET https://registry.npmjs.org/bcrypt
18 http 200 https://registry.npmjs.org/bcrypt
19 verbose headers { server: 'CouchDB/1.5.0 (Erlang OTP/R16B03)',
19 verbose headers   etag: '"3BNGDESVOFORCETPD6WFW6IAX"',
19 verbose headers   'content-type': 'application/json',
19 verbose headers   'cache-control': 'max-age=300',
19 verbose headers   'content-length': '74635',
19 verbose headers   'accept-ranges': 'bytes',
19 verbose headers   date: 'Fri, 29 Jan 2016 07:41:18 GMT',
19 verbose headers   via: '1.1 varnish',
19 verbose headers   age: '213',
19 verbose headers   connection: 'keep-alive',
19 verbose headers   'x-served-by': 'cache-sin6926-SIN',
19 verbose headers   'x-cache': 'HIT',
19 verbose headers   'x-cache-hits': '45',
19 verbose headers   'x-timer': 'S1454053278.682221,VS0,VE0',
19 verbose headers   vary: 'Accept' }
20 silly get cb [ 200,
20 silly get   { server: 'CouchDB/1.5.0 (Erlang OTP/R16B03)',
20 silly get     etag: '"3BNGDESVOFORCETPD6WFW6IAX"',
20 silly get     'content-type': 'application/json',
20 silly get     'cache-control': 'max-age=300',
20 silly get     'content-length': '74635',
20 silly get     'accept-ranges': 'bytes',
20 silly get     date: 'Fri, 29 Jan 2016 07:41:18 GMT',
20 silly get     via: '1.1 varnish',
20 silly get     age: '213',
20 silly get     connection: 'keep-alive',
20 silly get     'x-served-by': 'cache-sin6926-SIN',
20 silly get     'x-cache': 'HIT',
20 silly get     'x-cache-hits': '45',
20 silly get     'x-timer': 'S1454053278.682221,VS0,VE0',
20 silly get     vary: 'Accept' } ]
21 verbose get saving bcrypt to C:\Users\smart-ex\AppData\Roaming\npm-cache\registry.npmjs.org\bcrypt\.cache.json
22 silly install normalizeTree
23 silly loadCurrentTree Finishing
24 silly loadIdealTree Starting
25 silly install loadIdealTree
26 silly cloneCurrentTree Starting
27 silly install cloneCurrentTreeToIdealTree
28 silly cloneCurrentTree Finishing
29 silly loadShrinkwrap Starting
30 silly install loadShrinkwrap
31 silly loadShrinkwrap Finishing
32 silly loadAllDepsIntoIdealTree Starting
33 silly install loadAllDepsIntoIdealTree
34 silly resolveWithNewModule bcrypt@0.8.5 checking installable status
35 silly cache add args [ 'bcrypt', null ]
36 verbose cache add spec bcrypt
37 silly cache add parsed spec Result {
37 silly cache add   raw: 'bcrypt',
37 silly cache add   scope: null,
37 silly cache add   name: 'bcrypt',
37 silly cache add   rawSpec: '',
37 silly cache add   spec: '*',
37 silly cache add   type: 'range' }
38 silly addNamed bcrypt@*
39 verbose addNamed "*" is a valid semver range for bcrypt
40 silly addNameRange { name: 'bcrypt', range: '*', hasData: false }
41 silly mapToRegistry name bcrypt
42 silly mapToRegistry using default registry
43 silly mapToRegistry registry https://registry.npmjs.org/
44 silly mapToRegistry uri https://registry.npmjs.org/bcrypt
45 verbose addNameRange registry:https://registry.npmjs.org/bcrypt not in flight; fetching
46 verbose get https://registry.npmjs.org/bcrypt not expired, no request
47 silly addNameRange number 2 { name: 'bcrypt', range: '*', hasData: true }
48 silly addNameRange versions [ 'bcrypt',
48 silly addNameRange   [ '0.1.2',
48 silly addNameRange     '0.2.0',
48 silly addNameRange     '0.2.1',
48 silly addNameRange     '0.1.3',
48 silly addNameRange     '0.2.2',
48 silly addNameRange     '0.2.3',
48 silly addNameRange     '0.2.4',
48 silly addNameRange     '0.3.0',
48 silly addNameRange     '0.3.1',
48 silly addNameRange     '0.3.2',
48 silly addNameRange     '0.4.0',
48 silly addNameRange     '0.4.1',
48 silly addNameRange     '0.5.0',
48 silly addNameRange     '0.6.0',
48 silly addNameRange     '0.7.0',
48 silly addNameRange     '0.7.1',
48 silly addNameRange     '0.7.2',
48 silly addNameRange     '0.7.3',
48 silly addNameRange     '0.7.4',
48 silly addNameRange     '0.7.5',
48 silly addNameRange     '0.7.6',
48 silly addNameRange     '0.7.7',
48 silly addNameRange     '0.7.8',
48 silly addNameRange     '0.8.0',
48 silly addNameRange     '0.8.1',
48 silly addNameRange     '0.8.2',
48 silly addNameRange     '0.8.3',
48 silly addNameRange     '0.8.4',
48 silly addNameRange     '0.8.5' ] ]
49 silly addNamed bcrypt@0.8.5
50 verbose addNamed "0.8.5" is a plain semver version for bcrypt
51 silly mapToRegistry name bcrypt
52 silly mapToRegistry using default registry
53 silly mapToRegistry registry https://registry.npmjs.org/
54 silly mapToRegistry uri https://registry.npmjs.org/bcrypt
55 verbose addRemoteTarball https://registry.npmjs.org/bcrypt/-/bcrypt-0.8.5.tgz not in flight; adding
56 verbose addRemoteTarball [ 'https://registry.npmjs.org/bcrypt/-/bcrypt-0.8.5.tgz',
56 verbose addRemoteTarball   '8e5b81b4db80e944f440005979ca8d58a961861d' ]
57 info retry fetch attempt 1 at 2:41:20 PM
58 info attempt registry request try #1 at 2:41:20 PM
59 http fetch GET https://registry.npmjs.org/bcrypt/-/bcrypt-0.8.5.tgz
60 http fetch 200 https://registry.npmjs.org/bcrypt/-/bcrypt-0.8.5.tgz
61 silly fetchAndShaCheck shasum 8e5b81b4db80e944f440005979ca8d58a961861d
62 verbose addTmpTarball C:\Users\smart-ex\AppData\Local\Temp\npm-4948-5d4741ef\registry.npmjs.org\bcrypt\-\bcrypt-0.8.5.tgz not in flight; adding
63 verbose addTmpTarball already have metadata; skipping unpack for bcrypt@0.8.5
64 silly cache afterAdd bcrypt@0.8.5
65 verbose afterAdd C:\Users\smart-ex\AppData\Roaming\npm-cache\bcrypt\0.8.5\package\package.json not in flight; writing
66 verbose afterAdd C:\Users\smart-ex\AppData\Roaming\npm-cache\bcrypt\0.8.5\package\package.json written
67 silly fetchNamedPackageData bindings
68 silly mapToRegistry name bindings
69 silly mapToRegistry using default registry
70 silly mapToRegistry registry https://registry.npmjs.org/
71 silly mapToRegistry uri https://registry.npmjs.org/bindings
72 silly fetchNamedPackageData nan
73 silly mapToRegistry name nan
74 silly mapToRegistry using default registry
75 silly mapToRegistry registry https://registry.npmjs.org/
76 silly mapToRegistry uri https://registry.npmjs.org/nan
77 verbose request uri https://registry.npmjs.org/bindings
78 verbose request no auth needed
79 info attempt registry request try #1 at 2:41:20 PM
80 verbose etag "2RXG5K4RRQWEOOFOAOOKVPOZR"
81 http request GET https://registry.npmjs.org/bindings
82 verbose request uri https://registry.npmjs.org/nan
83 verbose request no auth needed
84 info attempt registry request try #1 at 2:41:20 PM
85 verbose etag "7CEDVJA24M9BXRU7SU6WRSW4M"
86 http request GET https://registry.npmjs.org/nan
87 http 200 https://registry.npmjs.org/bindings
88 verbose headers { server: 'CouchDB/1.5.0 (Erlang OTP/R16B03)',
88 verbose headers   etag: '"1LLBF9OH58DLBEL4629U6032D"',
88 verbose headers   'content-type': 'application/json',
88 verbose headers   'cache-control': 'max-age=300',
88 verbose headers   'content-length': '18066',
88 verbose headers   'accept-ranges': 'bytes',
88 verbose headers   date: 'Fri, 29 Jan 2016 07:41:20 GMT',
88 verbose headers   via: '1.1 varnish',
88 verbose headers   age: '56',
88 verbose headers   connection: 'keep-alive',
88 verbose headers   'x-served-by': 'cache-sin6920-SIN',
88 verbose headers   'x-cache': 'HIT',
88 verbose headers   'x-cache-hits': '2',
88 verbose headers   'x-timer': 'S1454053280.447375,VS0,VE0',
88 verbose headers   vary: 'Accept' }
89 silly get cb [ 200,
89 silly get   { server: 'CouchDB/1.5.0 (Erlang OTP/R16B03)',
89 silly get     etag: '"1LLBF9OH58DLBEL4629U6032D"',
89 silly get     'content-type': 'application/json',
89 silly get     'cache-control': 'max-age=300',
89 silly get     'content-length': '18066',
89 silly get     'accept-ranges': 'bytes',
89 silly get     date: 'Fri, 29 Jan 2016 07:41:20 GMT',
89 silly get     via: '1.1 varnish',
89 silly get     age: '56',
89 silly get     connection: 'keep-alive',
89 silly get     'x-served-by': 'cache-sin6920-SIN',
89 silly get     'x-cache': 'HIT',
89 silly get     'x-cache-hits': '2',
89 silly get     'x-timer': 'S1454053280.447375,VS0,VE0',
89 silly get     vary: 'Accept' } ]
90 verbose get saving bindings to C:\Users\smart-ex\AppData\Roaming\npm-cache\registry.npmjs.org\bindings\.cache.json
91 silly resolveWithNewModule bindings@1.2.1 checking installable status
92 silly cache add args [ 'bindings@1.2.1', null ]
93 verbose cache add spec bindings@1.2.1
94 silly cache add parsed spec Result {
94 silly cache add   raw: 'bindings@1.2.1',
94 silly cache add   scope: null,
94 silly cache add   name: 'bindings',
94 silly cache add   rawSpec: '1.2.1',
94 silly cache add   spec: '1.2.1',
94 silly cache add   type: 'version' }
95 silly addNamed bindings@1.2.1
96 verbose addNamed "1.2.1" is a plain semver version for bindings
97 silly mapToRegistry name bindings
98 silly mapToRegistry using default registry
99 silly mapToRegistry registry https://registry.npmjs.org/
100 silly mapToRegistry uri https://registry.npmjs.org/bindings
101 verbose addNameVersion registry:https://registry.npmjs.org/bindings not in flight; fetching
102 verbose get https://registry.npmjs.org/bindings not expired, no request
103 http 200 https://registry.npmjs.org/nan
104 verbose headers { server: 'CouchDB/1.5.0 (Erlang OTP/R16B03)',
104 verbose headers   etag: '"798MRG5PQ3TIGV0CLUOSQMVAG"',
104 verbose headers   'content-type': 'application/json',
104 verbose headers   'cache-control': 'max-age=300',
104 verbose headers   'content-length': '102482',
104 verbose headers   'accept-ranges': 'bytes',
104 verbose headers   date: 'Fri, 29 Jan 2016 07:41:20 GMT',
104 verbose headers   via: '1.1 varnish',
104 verbose headers   age: '244',
104 verbose headers   connection: 'keep-alive',
104 verbose headers   'x-served-by': 'cache-sin6925-SIN',
104 verbose headers   'x-cache': 'HIT',
104 verbose headers   'x-cache-hits': '8',
104 verbose headers   'x-timer': 'S1454053280.436571,VS0,VE0',
104 verbose headers   vary: 'Accept' }
105 silly get cb [ 200,
105 silly get   { server: 'CouchDB/1.5.0 (Erlang OTP/R16B03)',
105 silly get     etag: '"798MRG5PQ3TIGV0CLUOSQMVAG"',
105 silly get     'content-type': 'application/json',
105 silly get     'cache-control': 'max-age=300',
105 silly get     'content-length': '102482',
105 silly get     'accept-ranges': 'bytes',
105 silly get     date: 'Fri, 29 Jan 2016 07:41:20 GMT',
105 silly get     via: '1.1 varnish',
105 silly get     age: '244',
105 silly get     connection: 'keep-alive',
105 silly get     'x-served-by': 'cache-sin6925-SIN',
105 silly get     'x-cache': 'HIT',
105 silly get     'x-cache-hits': '8',
105 silly get     'x-timer': 'S1454053280.436571,VS0,VE0',
105 silly get     vary: 'Accept' } ]
106 verbose get saving nan to C:\Users\smart-ex\AppData\Roaming\npm-cache\registry.npmjs.org\nan\.cache.json
107 silly resolveWithNewModule nan@2.0.5 checking installable status
108 silly cache add args [ 'nan@2.0.5', null ]
109 verbose cache add spec nan@2.0.5
110 silly cache add parsed spec Result {
110 silly cache add   raw: 'nan@2.0.5',
110 silly cache add   scope: null,
110 silly cache add   name: 'nan',
110 silly cache add   rawSpec: '2.0.5',
110 silly cache add   spec: '2.0.5',
110 silly cache add   type: 'version' }
111 silly addNamed nan@2.0.5
112 verbose addNamed "2.0.5" is a plain semver version for nan
113 silly mapToRegistry name nan
114 silly mapToRegistry using default registry
115 silly mapToRegistry registry https://registry.npmjs.org/
116 silly mapToRegistry uri https://registry.npmjs.org/nan
117 verbose addNameVersion registry:https://registry.npmjs.org/nan not in flight; fetching
118 verbose get https://registry.npmjs.org/nan not expired, no request
119 silly mapToRegistry name nan
120 silly mapToRegistry using default registry
121 silly mapToRegistry registry https://registry.npmjs.org/
122 silly mapToRegistry uri https://registry.npmjs.org/nan
123 verbose addRemoteTarball https://registry.npmjs.org/nan/-/nan-2.0.5.tgz not in flight; adding
124 verbose addRemoteTarball [ 'https://registry.npmjs.org/nan/-/nan-2.0.5.tgz',
124 verbose addRemoteTarball   '365888014be1fd178db0cbfa258edf7b0cb1c408' ]
125 info retry fetch attempt 1 at 2:41:21 PM
126 info attempt registry request try #1 at 2:41:21 PM
127 http fetch GET https://registry.npmjs.org/nan/-/nan-2.0.5.tgz
128 silly cache afterAdd bindings@1.2.1
129 verbose afterAdd C:\Users\smart-ex\AppData\Roaming\npm-cache\bindings\1.2.1\package\package.json not in flight; writing
130 http fetch 200 https://registry.npmjs.org/nan/-/nan-2.0.5.tgz
131 verbose afterAdd C:\Users\smart-ex\AppData\Roaming\npm-cache\bindings\1.2.1\package\package.json written
132 silly fetchAndShaCheck shasum 365888014be1fd178db0cbfa258edf7b0cb1c408
133 verbose addTmpTarball C:\Users\smart-ex\AppData\Local\Temp\npm-4948-5d4741ef\registry.npmjs.org\nan\-\nan-2.0.5.tgz not in flight; adding
134 verbose addTmpTarball already have metadata; skipping unpack for nan@2.0.5
135 silly cache afterAdd nan@2.0.5
136 verbose afterAdd C:\Users\smart-ex\AppData\Roaming\npm-cache\nan\2.0.5\package\package.json not in flight; writing
137 verbose afterAdd C:\Users\smart-ex\AppData\Roaming\npm-cache\nan\2.0.5\package\package.json written
138 silly loadAllDepsIntoIdealTree Finishing
139 silly idealTree:prePrune hris@0.0.9
139 silly idealTree:prePrune ├── bcrypt@0.8.5
139 silly idealTree:prePrune ├── bindings@1.2.1
139 silly idealTree:prePrune └── nan@2.0.5
140 silly loadIdealTree Finishing
141 silly currentTree hris@0.0.9
142 silly idealTree hris@0.0.9
142 silly idealTree ├── bcrypt@0.8.5
142 silly idealTree ├── bindings@1.2.1
142 silly idealTree └── nan@2.0.5
143 silly generateActionsToTake Starting
144 silly install generateActionsToTake
145 silly generateActionsToTake Finishing
146 silly diffTrees action count 3
147 silly diffTrees add bindings@1.2.1
148 silly diffTrees add nan@2.0.5
149 silly diffTrees add bcrypt@0.8.5
150 silly decomposeActions action count 24
151 silly decomposeActions fetch bindings@1.2.1
152 silly decomposeActions extract bindings@1.2.1
153 silly decomposeActions preinstall bindings@1.2.1
154 silly decomposeActions build bindings@1.2.1
155 silly decomposeActions install bindings@1.2.1
156 silly decomposeActions postinstall bindings@1.2.1
157 silly decomposeActions test bindings@1.2.1
158 silly decomposeActions finalize bindings@1.2.1
159 silly decomposeActions fetch nan@2.0.5
160 silly decomposeActions extract nan@2.0.5
161 silly decomposeActions preinstall nan@2.0.5
162 silly decomposeActions build nan@2.0.5
163 silly decomposeActions install nan@2.0.5
164 silly decomposeActions postinstall nan@2.0.5
165 silly decomposeActions test nan@2.0.5
166 silly decomposeActions finalize nan@2.0.5
167 silly decomposeActions fetch bcrypt@0.8.5
168 silly decomposeActions extract bcrypt@0.8.5
169 silly decomposeActions preinstall bcrypt@0.8.5
170 silly decomposeActions build bcrypt@0.8.5
171 silly decomposeActions install bcrypt@0.8.5
172 silly decomposeActions postinstall bcrypt@0.8.5
173 silly decomposeActions test bcrypt@0.8.5
174 silly decomposeActions finalize bcrypt@0.8.5
175 silly executeActions Starting
176 silly install executeActions
177 silly doSerial global-install 0
178 silly doParallel fetch 3
179 verbose lock using C:\Users\smart-ex\AppData\Roaming\npm-cache\_locks\staging-46d81a900c0e2ade.lock for D:\Server\hris\node1\node_modules\.staging
180 silly doParallel extract 3
181 silly extract bindings@1.2.1
182 silly extract nan@2.0.5
183 silly extract bcrypt@0.8.5
184 verbose unbuild node_modules\.staging\bindings-ce5c71cebd01ba716b92fcdce6acfcab
185 verbose unbuild node_modules\.staging\bcrypt-483d9472319cd3c12da8abfea58fff06
186 verbose unbuild node_modules\.staging\nan-a3672a1a005c509a8a3af22f41d29400
187 silly gentlyRm D:\Server\hris\node1\node_modules\.staging\bindings-ce5c71cebd01ba716b92fcdce6acfcab is being purged from base D:\Server\hris\node1
188 silly gentlyRm D:\Server\hris\node1\node_modules\.staging\bcrypt-483d9472319cd3c12da8abfea58fff06 is being purged from base D:\Server\hris\node1
189 silly gentlyRm D:\Server\hris\node1\node_modules\.staging\nan-a3672a1a005c509a8a3af22f41d29400 is being purged from base D:\Server\hris\node1
190 verbose gentlyRm don't care about contents; nuking D:\Server\hris\node1\node_modules\.staging\bindings-ce5c71cebd01ba716b92fcdce6acfcab
191 verbose gentlyRm don't care about contents; nuking D:\Server\hris\node1\node_modules\.staging\bcrypt-483d9472319cd3c12da8abfea58fff06
192 verbose gentlyRm don't care about contents; nuking D:\Server\hris\node1\node_modules\.staging\nan-a3672a1a005c509a8a3af22f41d29400
193 verbose tar unpack C:\Users\smart-ex\AppData\Roaming\npm-cache\bindings\1.2.1\package.tgz
194 verbose tar unpacking to D:\Server\hris\node1\node_modules\.staging\bindings-ce5c71cebd01ba716b92fcdce6acfcab
195 silly gentlyRm D:\Server\hris\node1\node_modules\.staging\bindings-ce5c71cebd01ba716b92fcdce6acfcab is being purged
196 verbose tar unpack C:\Users\smart-ex\AppData\Roaming\npm-cache\bcrypt\0.8.5\package.tgz
197 verbose tar unpacking to D:\Server\hris\node1\node_modules\.staging\bcrypt-483d9472319cd3c12da8abfea58fff06
198 silly gentlyRm D:\Server\hris\node1\node_modules\.staging\bcrypt-483d9472319cd3c12da8abfea58fff06 is being purged
199 verbose tar unpack C:\Users\smart-ex\AppData\Roaming\npm-cache\nan\2.0.5\package.tgz
200 verbose tar unpacking to D:\Server\hris\node1\node_modules\.staging\nan-a3672a1a005c509a8a3af22f41d29400
201 silly gentlyRm D:\Server\hris\node1\node_modules\.staging\nan-a3672a1a005c509a8a3af22f41d29400 is being purged
202 verbose gentlyRm don't care about contents; nuking D:\Server\hris\node1\node_modules\.staging\bindings-ce5c71cebd01ba716b92fcdce6acfcab
203 verbose gentlyRm don't care about contents; nuking D:\Server\hris\node1\node_modules\.staging\bcrypt-483d9472319cd3c12da8abfea58fff06
204 verbose gentlyRm don't care about contents; nuking D:\Server\hris\node1\node_modules\.staging\nan-a3672a1a005c509a8a3af22f41d29400
205 silly gunzTarPerm modes [ '777', '666' ]
206 silly gunzTarPerm modes [ '777', '666' ]
207 silly gunzTarPerm modes [ '777', '666' ]
208 silly gunzTarPerm extractEntry package.json
209 silly gunzTarPerm modified mode [ 'package.json', 420, 438 ]
210 silly gunzTarPerm extractEntry package.json
211 silly gunzTarPerm modified mode [ 'package.json', 420, 438 ]
212 silly gunzTarPerm extractEntry package.json
213 silly gunzTarPerm modified mode [ 'package.json', 436, 438 ]
214 silly gunzTarPerm extractEntry README.md
215 silly gunzTarPerm modified mode [ 'README.md', 420, 438 ]
216 silly gunzTarPerm extractEntry bindings.js
217 silly gunzTarPerm modified mode [ 'bindings.js', 420, 438 ]
218 silly gunzTarPerm extractEntry .npmignore
219 silly gunzTarPerm modified mode [ '.npmignore', 420, 438 ]
220 silly gunzTarPerm extractEntry README.md
221 silly gunzTarPerm modified mode [ 'README.md', 420, 438 ]
222 silly gunzTarPerm extractEntry README.md
223 silly gunzTarPerm modified mode [ 'README.md', 436, 438 ]
224 silly gunzTarPerm extractEntry include_dirs.js
225 silly gunzTarPerm modified mode [ 'include_dirs.js', 436, 438 ]
226 silly gunzTarPerm extractEntry nan_converters.h
227 silly gunzTarPerm modified mode [ 'nan_converters.h', 436, 438 ]
228 silly gunzTarPerm extractEntry LICENSE.md
229 silly gunzTarPerm modified mode [ 'LICENSE.md', 436, 438 ]
230 silly gunzTarPerm extractEntry .dntrc
231 silly gunzTarPerm modified mode [ '.dntrc', 436, 438 ]
232 silly gunzTarPerm extractEntry appveyor.yml
233 silly gunzTarPerm modified mode [ 'appveyor.yml', 436, 438 ]
234 silly gunzTarPerm extractEntry doc/new.md
235 silly gunzTarPerm modified mode [ 'doc/new.md', 436, 438 ]
236 silly gunzTarPerm extractEntry doc/.build.sh
237 silly gunzTarPerm modified mode [ 'doc/.build.sh', 509, 511 ]
238 silly gunzTarPerm extractEntry doc/buffers.md
239 silly gunzTarPerm modified mode [ 'doc/buffers.md', 436, 438 ]
240 silly gunzTarPerm extractEntry doc/callback.md
241 silly gunzTarPerm modified mode [ 'doc/callback.md', 436, 438 ]
242 silly gunzTarPerm extractEntry doc/converters.md
243 silly gunzTarPerm modified mode [ 'doc/converters.md', 436, 438 ]
244 silly gunzTarPerm extractEntry doc/errors.md
245 silly gunzTarPerm modified mode [ 'doc/errors.md', 436, 438 ]
246 silly gunzTarPerm extractEntry doc/maybe_types.md
247 silly gunzTarPerm modified mode [ 'doc/maybe_types.md', 436, 438 ]
248 silly gunzTarPerm extractEntry doc/methods.md
249 silly gunzTarPerm modified mode [ 'doc/methods.md', 436, 438 ]
250 silly gunzTarPerm extractEntry doc/asyncworker.md
251 silly gunzTarPerm modified mode [ 'doc/asyncworker.md', 436, 438 ]
252 silly gunzTarPerm extractEntry doc/node_misc.md
253 silly gunzTarPerm modified mode [ 'doc/node_misc.md', 436, 438 ]
254 silly gunzTarPerm extractEntry doc/persistent.md
255 silly gunzTarPerm modified mode [ 'doc/persistent.md', 436, 438 ]
256 silly gunzTarPerm extractEntry doc/scopes.md
257 silly gunzTarPerm modified mode [ 'doc/scopes.md', 436, 438 ]
258 silly gunzTarPerm extractEntry doc/script.md
259 silly gunzTarPerm modified mode [ 'doc/script.md', 436, 438 ]
260 silly gunzTarPerm extractEntry doc/string_bytes.md
261 silly gunzTarPerm modified mode [ 'doc/string_bytes.md', 436, 438 ]
262 silly gunzTarPerm extractEntry doc/v8_internals.md
263 silly gunzTarPerm modified mode [ 'doc/v8_internals.md', 436, 438 ]
264 silly gunzTarPerm extractEntry doc/v8_misc.md
265 silly gunzTarPerm modified mode [ 'doc/v8_misc.md', 436, 438 ]
266 silly gunzTarPerm extractEntry nan.h
267 silly gunzTarPerm modified mode [ 'nan.h', 436, 438 ]
268 silly gunzTarPerm extractEntry nan_callbacks.h
269 silly gunzTarPerm modified mode [ 'nan_callbacks.h', 436, 438 ]
270 silly gunzTarPerm extractEntry nan_callbacks_12_inl.h
271 silly gunzTarPerm modified mode [ 'nan_callbacks_12_inl.h', 436, 438 ]
272 silly gunzTarPerm extractEntry nan_callbacks_pre_12_inl.h
273 silly gunzTarPerm modified mode [ 'nan_callbacks_pre_12_inl.h', 436, 438 ]
274 silly gunzTarPerm extractEntry nan_converters_43_inl.h
275 silly gunzTarPerm modified mode [ 'nan_converters_43_inl.h', 436, 438 ]
276 silly gunzTarPerm extractEntry nan_converters_pre_43_inl.h
277 silly gunzTarPerm modified mode [ 'nan_converters_pre_43_inl.h', 436, 438 ]
278 silly gunzTarPerm extractEntry nan_implementation_12_inl.h
279 silly gunzTarPerm modified mode [ 'nan_implementation_12_inl.h', 436, 438 ]
280 silly gunzTarPerm extractEntry nan_implementation_pre_12_inl.h
281 silly gunzTarPerm modified mode [ 'nan_implementation_pre_12_inl.h', 436, 438 ]
282 silly gunzTarPerm extractEntry nan_maybe_43_inl.h
283 silly gunzTarPerm modified mode [ 'nan_maybe_43_inl.h', 436, 438 ]
284 silly gunzTarPerm extractEntry nan_maybe_pre_43_inl.h
285 silly gunzTarPerm modified mode [ 'nan_maybe_pre_43_inl.h', 436, 438 ]
286 silly gunzTarPerm extractEntry nan_new.h
287 silly gunzTarPerm modified mode [ 'nan_new.h', 436, 438 ]
288 silly gunzTarPerm extractEntry nan_object_wrap.h
289 silly gunzTarPerm modified mode [ 'nan_object_wrap.h', 436, 438 ]
290 silly gunzTarPerm extractEntry nan_persistent_12_inl.h
291 silly gunzTarPerm modified mode [ 'nan_persistent_12_inl.h', 436, 438 ]
292 silly gunzTarPerm extractEntry nan_persistent_pre_12_inl.h
293 silly gunzTarPerm modified mode [ 'nan_persistent_pre_12_inl.h', 436, 438 ]
294 silly gunzTarPerm extractEntry nan_string_bytes.h
295 silly gunzTarPerm modified mode [ 'nan_string_bytes.h', 436, 438 ]
296 silly gunzTarPerm extractEntry nan_weak.h
297 silly gunzTarPerm modified mode [ 'nan_weak.h', 436, 438 ]
298 silly gunzTarPerm extractEntry CHANGELOG.md
299 silly gunzTarPerm modified mode [ 'CHANGELOG.md', 436, 438 ]
300 silly gunzTarPerm extractEntry tools/package.json
301 silly gunzTarPerm modified mode [ 'tools/package.json', 436, 438 ]
302 silly gunzTarPerm extractEntry tools/README.md
303 silly gunzTarPerm modified mode [ 'tools/README.md', 436, 438 ]
304 silly gunzTarPerm extractEntry tools/1to2.js
305 silly gunzTarPerm modified mode [ 'tools/1to2.js', 509, 511 ]
306 silly gunzTarPerm extractEntry LICENSE
307 silly gunzTarPerm modified mode [ 'LICENSE', 420, 438 ]
308 silly gunzTarPerm extractEntry bcrypt.js
309 silly gunzTarPerm modified mode [ 'bcrypt.js', 420, 438 ]
310 silly gunzTarPerm extractEntry binding.gyp
311 silly gunzTarPerm modified mode [ 'binding.gyp', 420, 438 ]
312 silly gunzTarPerm extractEntry .travis.yml
313 silly gunzTarPerm modified mode [ '.travis.yml', 420, 438 ]
314 silly gunzTarPerm extractEntry CHANGELOG.md
315 silly gunzTarPerm modified mode [ 'CHANGELOG.md', 420, 438 ]
316 silly gunzTarPerm extractEntry examples/async_compare.js
317 silly gunzTarPerm modified mode [ 'examples/async_compare.js', 420, 438 ]
318 silly gunzTarPerm extractEntry examples/forever_gen_salt.js
319 silly gunzTarPerm modified mode [ 'examples/forever_gen_salt.js', 420, 438 ]
320 silly gunzTarPerm extractEntry test/async.js
321 silly gunzTarPerm modified mode [ 'test/async.js', 420, 438 ]
322 silly gunzTarPerm extractEntry test/repetitions.js
323 silly gunzTarPerm modified mode [ 'test/repetitions.js', 420, 438 ]
324 silly gunzTarPerm extractEntry test/sync.js
325 silly gunzTarPerm modified mode [ 'test/sync.js', 420, 438 ]
326 silly gunzTarPerm extractEntry Makefile
327 silly gunzTarPerm modified mode [ 'Makefile', 420, 438 ]
328 silly gunzTarPerm extractEntry src/bcrypt.cc
329 silly gunzTarPerm modified mode [ 'src/bcrypt.cc', 420, 438 ]
330 silly gunzTarPerm extractEntry src/bcrypt_node.cc
331 silly gunzTarPerm modified mode [ 'src/bcrypt_node.cc', 420, 438 ]
332 silly gunzTarPerm extractEntry src/blowfish.cc
333 silly gunzTarPerm modified mode [ 'src/blowfish.cc', 420, 438 ]
334 silly gunzTarPerm extractEntry src/node_blf.h
335 silly gunzTarPerm modified mode [ 'src/node_blf.h', 420, 438 ]
336 silly gunzTarPerm extractEntry werker.yml
337 silly gunzTarPerm modified mode [ 'werker.yml', 420, 438 ]
338 silly doParallel preinstall 3
339 silly preinstall bindings@1.2.1 D:\Server\hris\node1\node_modules\.staging\bindings-ce5c71cebd01ba716b92fcdce6acfcab
340 info lifecycle bindings@1.2.1~preinstall: bindings@1.2.1
341 silly preinstall nan@2.0.5 D:\Server\hris\node1\node_modules\.staging\nan-a3672a1a005c509a8a3af22f41d29400
342 info lifecycle nan@2.0.5~preinstall: nan@2.0.5
343 silly preinstall bcrypt@0.8.5 D:\Server\hris\node1\node_modules\.staging\bcrypt-483d9472319cd3c12da8abfea58fff06
344 info lifecycle bcrypt@0.8.5~preinstall: bcrypt@0.8.5
345 silly lifecycle bindings@1.2.1~preinstall: no script for preinstall, continuing
346 silly lifecycle nan@2.0.5~preinstall: no script for preinstall, continuing
347 silly lifecycle bcrypt@0.8.5~preinstall: no script for preinstall, continuing
348 silly doReverseSerial remove 0
349 silly doSerial move 0
350 silly doSerial finalize 3
351 silly finalize D:\Server\hris\node1\node_modules\bindings
352 silly finalize D:\Server\hris\node1\node_modules\nan
353 silly finalize D:\Server\hris\node1\node_modules\bcrypt
354 silly doSerial build 3
355 silly build bindings@1.2.1
356 info linkStuff bindings@1.2.1
357 silly linkStuff bindings@1.2.1 has D:\Server\hris\node1\node_modules as its parent node_modules
358 verbose linkBins bindings@1.2.1
359 verbose linkMans bindings@1.2.1
360 silly build nan@2.0.5
361 info linkStuff nan@2.0.5
362 silly linkStuff nan@2.0.5 has D:\Server\hris\node1\node_modules as its parent node_modules
363 verbose linkBins nan@2.0.5
364 verbose linkMans nan@2.0.5
365 silly build bcrypt@0.8.5
366 info linkStuff bcrypt@0.8.5
367 silly linkStuff bcrypt@0.8.5 has D:\Server\hris\node1\node_modules as its parent node_modules
368 verbose linkBins bcrypt@0.8.5
369 verbose linkMans bcrypt@0.8.5
370 silly doSerial global-link 0
371 silly doParallel update-linked 0
372 silly doSerial install 3
373 silly install bindings@1.2.1 D:\Server\hris\node1\node_modules\.staging\bindings-ce5c71cebd01ba716b92fcdce6acfcab
374 info lifecycle bindings@1.2.1~install: bindings@1.2.1
375 silly lifecycle bindings@1.2.1~install: no script for install, continuing
376 silly install nan@2.0.5 D:\Server\hris\node1\node_modules\.staging\nan-a3672a1a005c509a8a3af22f41d29400
377 info lifecycle nan@2.0.5~install: nan@2.0.5
378 silly lifecycle nan@2.0.5~install: no script for install, continuing
379 silly install bcrypt@0.8.5 D:\Server\hris\node1\node_modules\.staging\bcrypt-483d9472319cd3c12da8abfea58fff06
380 info lifecycle bcrypt@0.8.5~install: bcrypt@0.8.5
381 verbose lifecycle bcrypt@0.8.5~install: unsafe-perm in lifecycle true
382 verbose lifecycle bcrypt@0.8.5~install: PATH: C:\Program Files\nodejs\node_modules\npm\bin\node-gyp-bin;D:\Server\hris\node1\node_modules\bcrypt\node_modules\.bin;D:\Server\hris\node1\node_modules\.bin;D:\server\binaries\php\php_runningversion;D:\server\EasyPHP-DevServer-14.1VC11\binaries\php\php_runningversion;C:\Program Files\EasyPHP-DevServer-14.1VC11\binaries\php\php_runningversion;C:\Windows\system32;C:\Windows;C:\Windows\System32\Wbem;C:\Windows\System32\WindowsPowerShell\v1.0\;C:\Users\smart-ex\Desktop\WebServer\binaries\php\php_runningversion;C:\Program Files\Bitvise SSH Client;C:\adb;D:\heroku\Heroku\bin;C:\Program Files\git\cmd;C:\Program Files\nodejs\;C:\Ruby21\bin;C:\Program Files\Bitvise SSH Client;C:\Users\smart-ex\AppData\Roaming\npm
383 verbose lifecycle bcrypt@0.8.5~install: CWD: D:\Server\hris\node1\node_modules\bcrypt
384 silly lifecycle bcrypt@0.8.5~install: Args: [ '/d /s /c', 'node-gyp rebuild' ]
385 silly lifecycle bcrypt@0.8.5~install: Returned: code: 1  signal: null
386 info lifecycle bcrypt@0.8.5~install: Failed to exec install script
387 verbose unlock done using C:\Users\smart-ex\AppData\Roaming\npm-cache\_locks\staging-46d81a900c0e2ade.lock for D:\Server\hris\node1\node_modules\.staging
388 silly rollbackFailedOptional Starting
389 silly rollbackFailedOptional Finishing
390 silly runTopLevelLifecycles Starting
391 silly runTopLevelLifecycles Finishing
392 silly install printInstalled
393 warn EPACKAGEJSON hris@0.0.9 license should be a valid SPDX license expression
394 verbose stack Error: bcrypt@0.8.5 install: `node-gyp rebuild`
394 verbose stack Exit status 1
394 verbose stack     at EventEmitter.<anonymous> (C:\Program Files\nodejs\node_modules\npm\lib\utils\lifecycle.js:232:16)
394 verbose stack     at emitTwo (events.js:87:13)
394 verbose stack     at EventEmitter.emit (events.js:172:7)
394 verbose stack     at ChildProcess.<anonymous> (C:\Program Files\nodejs\node_modules\npm\lib\utils\spawn.js:24:14)
394 verbose stack     at emitTwo (events.js:87:13)
394 verbose stack     at ChildProcess.emit (events.js:172:7)
394 verbose stack     at maybeClose (internal/child_process.js:818:16)
394 verbose stack     at Process.ChildProcess._handle.onexit (internal/child_process.js:211:5)
395 verbose pkgid bcrypt@0.8.5
396 verbose cwd D:\Server\hris\node1
397 error Windows_NT 6.1.7601
398 error argv "C:\\Program Files\\nodejs\\node.exe" "C:\\Program Files\\nodejs\\node_modules\\npm\\bin\\npm-cli.js" "install" "--save" "bcrypt"
399 error node v5.3.0
400 error npm  v3.3.12
401 error code ELIFECYCLE
402 error bcrypt@0.8.5 install: `node-gyp rebuild`
402 error Exit status 1
403 error Failed at the bcrypt@0.8.5 install script 'node-gyp rebuild'.
403 error Make sure you have the latest version of node.js and npm installed.
403 error If you do, this is most likely a problem with the bcrypt package,
403 error not with npm itself.
403 error Tell the author that this fails on your system:
403 error     node-gyp rebuild
403 error You can get their info via:
403 error     npm owner ls bcrypt
403 error There is likely additional logging output above.
404 verbose exit [ 1, true ]
